Commit 1 on Sun Aug 31 15:32:21 UTC 2025
Commit 1 on Sun Aug 31 15:34:36 UTC 2025
Commit 2 on Sun Aug 31 15:34:36 UTC 2025
Commit 3 on Sun Aug 31 15:34:36 UTC 2025
Commit 4 on Sun Aug 31 15:34:36 UTC 2025
Commit 5 on Sun Aug 31 15:34:36 UTC 2025
Commit 6 on Sun Aug 31 15:34:36 UTC 2025
Commit 7 on Sun Aug 31 15:34:36 UTC 2025
Commit 8 on Sun Aug 31 15:34:36 UTC 2025
Commit 9 on Sun Aug 31 15:34:36 UTC 2025
Commit 10 on Sun Aug 31 15:34:36 UTC 2025
Commit 1 on Sun Aug 31 15:34:47 UTC 2025
Commit 2 on Sun Aug 31 15:34:47 UTC 2025
Commit 3 on Sun Aug 31 15:34:48 UTC 2025
Commit 4 on Sun Aug 31 15:34:48 UTC 2025
Commit 5 on Sun Aug 31 15:34:48 UTC 2025
Commit 6 on Sun Aug 31 15:34:48 UTC 2025
Commit 7 on Sun Aug 31 15:34:48 UTC 2025
Commit 8 on Sun Aug 31 15:34:48 UTC 2025
Commit 9 on Sun Aug 31 15:34:48 UTC 2025
Commit 10 on Sun Aug 31 15:34:48 UTC 2025
Commit 11 on Sun Aug 31 15:34:48 UTC 2025
Commit 12 on Sun Aug 31 15:34:48 UTC 2025
Commit 13 on Sun Aug 31 15:34:48 UTC 2025
Commit 14 on Sun Aug 31 15:34:48 UTC 2025
Commit 15 on Sun Aug 31 15:34:48 UTC 2025
Commit 16 on Sun Aug 31 15:34:48 UTC 2025
Commit 17 on Sun Aug 31 15:34:48 UTC 2025
Commit 1 on Sun Aug 31 15:36:26 UTC 2025
Commit 2 on Sun Aug 31 15:36:27 UTC 2025
Commit 3 on Sun Aug 31 15:36:27 UTC 2025
Commit 4 on Sun Aug 31 15:36:27 UTC 2025
Commit 5 on Sun Aug 31 15:36:27 UTC 2025
Commit 6 on Sun Aug 31 15:36:27 UTC 2025
Commit 7 on Sun Aug 31 15:36:27 UTC 2025
Commit 8 on Sun Aug 31 15:36:27 UTC 2025
Commit 9 on Sun Aug 31 15:36:27 UTC 2025
Commit 10 on Sun Aug 31 15:36:27 UTC 2025
Commit 11 on Sun Aug 31 15:36:27 UTC 2025
Commit 12 on Sun Aug 31 15:36:27 UTC 2025
Commit 13 on Sun Aug 31 15:36:27 UTC 2025
Commit 14 on Sun Aug 31 15:36:27 UTC 2025
Commit 1 on Mon Sep  1 08:30:10 UTC 2025
Commit 2 on Mon Sep  1 08:30:10 UTC 2025
Commit 3 on Mon Sep  1 08:30:10 UTC 2025
Commit 4 on Mon Sep  1 08:30:10 UTC 2025
Commit 5 on Mon Sep  1 08:30:10 UTC 2025
Commit 6 on Mon Sep  1 08:30:10 UTC 2025
Commit 7 on Mon Sep  1 08:30:10 UTC 2025
Commit 8 on Mon Sep  1 08:30:10 UTC 2025
Commit 9 on Mon Sep  1 08:30:10 UTC 2025
Commit 10 on Mon Sep  1 08:30:10 UTC 2025
Commit 11 on Mon Sep  1 08:30:10 UTC 2025
Commit 12 on Mon Sep  1 08:30:10 UTC 2025
Commit 13 on Mon Sep  1 08:30:10 UTC 2025
Commit 14 on Mon Sep  1 08:30:10 UTC 2025
Commit 1 on Tue Sep  2 08:28:40 UTC 2025
Commit 2 on Tue Sep  2 08:28:40 UTC 2025
Commit 3 on Tue Sep  2 08:28:40 UTC 2025
Commit 4 on Tue Sep  2 08:28:40 UTC 2025
Commit 5 on Tue Sep  2 08:28:40 UTC 2025
Commit 6 on Tue Sep  2 08:28:40 UTC 2025
Commit 7 on Tue Sep  2 08:28:40 UTC 2025
Commit 8 on Tue Sep  2 08:28:40 UTC 2025
Commit 9 on Tue Sep  2 08:28:40 UTC 2025
Commit 10 on Tue Sep  2 08:28:40 UTC 2025
Commit 11 on Tue Sep  2 08:28:40 UTC 2025
Commit 12 on Tue Sep  2 08:28:40 UTC 2025
Commit 13 on Tue Sep  2 08:28:40 UTC 2025
Commit 14 on Tue Sep  2 08:28:40 UTC 2025
Commit 15 on Tue Sep  2 08:28:40 UTC 2025
Commit 16 on Tue Sep  2 08:28:40 UTC 2025
Commit 17 on Tue Sep  2 08:28:40 UTC 2025
Commit 18 on Tue Sep  2 08:28:40 UTC 2025
Commit 19 on Tue Sep  2 08:28:40 UTC 2025
Commit 20 on Tue Sep  2 08:28:40 UTC 2025
Commit 1 on Wed Sep  3 08:26:48 UTC 2025
Commit 2 on Wed Sep  3 08:26:48 UTC 2025
Commit 3 on Wed Sep  3 08:26:48 UTC 2025
Commit 4 on Wed Sep  3 08:26:48 UTC 2025
Commit 5 on Wed Sep  3 08:26:48 UTC 2025
Commit 6 on Wed Sep  3 08:26:48 UTC 2025
Commit 7 on Wed Sep  3 08:26:48 UTC 2025
Commit 8 on Wed Sep  3 08:26:48 UTC 2025
Commit 9 on Wed Sep  3 08:26:48 UTC 2025
Commit 10 on Wed Sep  3 08:26:48 UTC 2025
Commit 11 on Wed Sep  3 08:26:48 UTC 2025
Commit 1 on Thu Sep  4 08:26:33 UTC 2025
Commit 2 on Thu Sep  4 08:26:33 UTC 2025
Commit 3 on Thu Sep  4 08:26:34 UTC 2025
Commit 4 on Thu Sep  4 08:26:34 UTC 2025
Commit 5 on Thu Sep  4 08:26:34 UTC 2025
Commit 6 on Thu Sep  4 08:26:34 UTC 2025
Commit 7 on Thu Sep  4 08:26:34 UTC 2025
Commit 8 on Thu Sep  4 08:26:34 UTC 2025
Commit 9 on Thu Sep  4 08:26:34 UTC 2025
Commit 10 on Thu Sep  4 08:26:34 UTC 2025
Commit 1 on Fri Sep  5 08:26:50 UTC 2025
Commit 2 on Fri Sep  5 08:26:51 UTC 2025
Commit 3 on Fri Sep  5 08:26:51 UTC 2025
Commit 4 on Fri Sep  5 08:26:51 UTC 2025
Commit 5 on Fri Sep  5 08:26:51 UTC 2025
Commit 6 on Fri Sep  5 08:26:51 UTC 2025
Commit 7 on Fri Sep  5 08:26:51 UTC 2025
Commit 8 on Fri Sep  5 08:26:51 UTC 2025
Commit 9 on Fri Sep  5 08:26:51 UTC 2025
Commit 10 on Fri Sep  5 08:26:51 UTC 2025
Commit 11 on Fri Sep  5 08:26:51 UTC 2025
Commit 12 on Fri Sep  5 08:26:51 UTC 2025
Commit 13 on Fri Sep  5 08:26:51 UTC 2025
Commit 14 on Fri Sep  5 08:26:51 UTC 2025
Commit 15 on Fri Sep  5 08:26:51 UTC 2025
Commit 1 on Sat Sep  6 08:22:27 UTC 2025
Commit 2 on Sat Sep  6 08:22:28 UTC 2025
Commit 3 on Sat Sep  6 08:22:28 UTC 2025
Commit 4 on Sat Sep  6 08:22:28 UTC 2025
Commit 5 on Sat Sep  6 08:22:28 UTC 2025
Commit 6 on Sat Sep  6 08:22:28 UTC 2025
Commit 7 on Sat Sep  6 08:22:28 UTC 2025
Commit 8 on Sat Sep  6 08:22:28 UTC 2025
Commit 9 on Sat Sep  6 08:22:28 UTC 2025
Commit 10 on Sat Sep  6 08:22:28 UTC 2025
Commit 1 on Sun Sep  7 08:22:42 UTC 2025
Commit 2 on Sun Sep  7 08:22:42 UTC 2025
Commit 3 on Sun Sep  7 08:22:42 UTC 2025
Commit 4 on Sun Sep  7 08:22:43 UTC 2025
Commit 5 on Sun Sep  7 08:22:43 UTC 2025
Commit 6 on Sun Sep  7 08:22:43 UTC 2025
Commit 7 on Sun Sep  7 08:22:43 UTC 2025
Commit 8 on Sun Sep  7 08:22:43 UTC 2025
Commit 9 on Sun Sep  7 08:22:43 UTC 2025
Commit 10 on Sun Sep  7 08:22:43 UTC 2025
Commit 11 on Sun Sep  7 08:22:43 UTC 2025
Commit 12 on Sun Sep  7 08:22:43 UTC 2025
Commit 13 on Sun Sep  7 08:22:43 UTC 2025
Commit 1 on Mon Sep  8 08:29:37 UTC 2025
Commit 2 on Mon Sep  8 08:29:38 UTC 2025
Commit 3 on Mon Sep  8 08:29:38 UTC 2025
Commit 4 on Mon Sep  8 08:29:38 UTC 2025
Commit 5 on Mon Sep  8 08:29:38 UTC 2025
Commit 6 on Mon Sep  8 08:29:38 UTC 2025
Commit 7 on Mon Sep  8 08:29:38 UTC 2025
Commit 8 on Mon Sep  8 08:29:38 UTC 2025
Commit 9 on Mon Sep  8 08:29:38 UTC 2025
Commit 10 on Mon Sep  8 08:29:38 UTC 2025
Commit 11 on Mon Sep  8 08:29:38 UTC 2025
Commit 12 on Mon Sep  8 08:29:38 UTC 2025
Commit 13 on Mon Sep  8 08:29:38 UTC 2025
Commit 14 on Mon Sep  8 08:29:38 UTC 2025
Commit 15 on Mon Sep  8 08:29:38 UTC 2025
Commit 16 on Mon Sep  8 08:29:38 UTC 2025
Commit 1 on Tue Sep  9 08:28:12 UTC 2025
Commit 2 on Tue Sep  9 08:28:12 UTC 2025
Commit 3 on Tue Sep  9 08:28:12 UTC 2025
Commit 4 on Tue Sep  9 08:28:13 UTC 2025
Commit 5 on Tue Sep  9 08:28:13 UTC 2025
Commit 6 on Tue Sep  9 08:28:13 UTC 2025
Commit 7 on Tue Sep  9 08:28:13 UTC 2025
Commit 8 on Tue Sep  9 08:28:13 UTC 2025
Commit 9 on Tue Sep  9 08:28:13 UTC 2025
Commit 10 on Tue Sep  9 08:28:13 UTC 2025
Commit 11 on Tue Sep  9 08:28:13 UTC 2025
Commit 1 on Wed Sep 10 08:28:03 UTC 2025
Commit 2 on Wed Sep 10 08:28:03 UTC 2025
Commit 3 on Wed Sep 10 08:28:03 UTC 2025
Commit 4 on Wed Sep 10 08:28:03 UTC 2025
Commit 5 on Wed Sep 10 08:28:03 UTC 2025
Commit 6 on Wed Sep 10 08:28:03 UTC 2025
Commit 7 on Wed Sep 10 08:28:03 UTC 2025
Commit 8 on Wed Sep 10 08:28:03 UTC 2025
Commit 9 on Wed Sep 10 08:28:03 UTC 2025
Commit 10 on Wed Sep 10 08:28:03 UTC 2025
Commit 11 on Wed Sep 10 08:28:03 UTC 2025
Commit 12 on Wed Sep 10 08:28:03 UTC 2025
Commit 13 on Wed Sep 10 08:28:03 UTC 2025
Commit 14 on Wed Sep 10 08:28:03 UTC 2025
Commit 15 on Wed Sep 10 08:28:03 UTC 2025
Commit 16 on Wed Sep 10 08:28:03 UTC 2025
Commit 17 on Wed Sep 10 08:28:03 UTC 2025
Commit 18 on Wed Sep 10 08:28:03 UTC 2025
Commit 19 on Wed Sep 10 08:28:03 UTC 2025
Commit 20 on Wed Sep 10 08:28:03 UTC 2025
Commit 1 on Thu Sep 11 08:27:19 UTC 2025
Commit 2 on Thu Sep 11 08:27:20 UTC 2025
Commit 3 on Thu Sep 11 08:27:20 UTC 2025
Commit 4 on Thu Sep 11 08:27:20 UTC 2025
Commit 5 on Thu Sep 11 08:27:20 UTC 2025
Commit 6 on Thu Sep 11 08:27:20 UTC 2025
Commit 7 on Thu Sep 11 08:27:20 UTC 2025
Commit 8 on Thu Sep 11 08:27:20 UTC 2025
Commit 9 on Thu Sep 11 08:27:20 UTC 2025
Commit 10 on Thu Sep 11 08:27:20 UTC 2025
Commit 11 on Thu Sep 11 08:27:20 UTC 2025
Commit 12 on Thu Sep 11 08:27:20 UTC 2025
Commit 13 on Thu Sep 11 08:27:20 UTC 2025
Commit 14 on Thu Sep 11 08:27:20 UTC 2025
Commit 15 on Thu Sep 11 08:27:20 UTC 2025
Commit 16 on Thu Sep 11 08:27:20 UTC 2025
Commit 17 on Thu Sep 11 08:27:20 UTC 2025
Commit 18 on Thu Sep 11 08:27:20 UTC 2025
Commit 19 on Thu Sep 11 08:27:20 UTC 2025
Commit 20 on Thu Sep 11 08:27:20 UTC 2025
Commit 1 on Fri Sep 12 08:26:28 UTC 2025
Commit 2 on Fri Sep 12 08:26:28 UTC 2025
Commit 3 on Fri Sep 12 08:26:28 UTC 2025
Commit 4 on Fri Sep 12 08:26:29 UTC 2025
Commit 5 on Fri Sep 12 08:26:29 UTC 2025
Commit 6 on Fri Sep 12 08:26:29 UTC 2025
Commit 7 on Fri Sep 12 08:26:29 UTC 2025
Commit 8 on Fri Sep 12 08:26:29 UTC 2025
Commit 9 on Fri Sep 12 08:26:29 UTC 2025
Commit 10 on Fri Sep 12 08:26:29 UTC 2025
Commit 11 on Fri Sep 12 08:26:29 UTC 2025
Commit 12 on Fri Sep 12 08:26:29 UTC 2025
Commit 1 on Sat Sep 13 08:23:08 UTC 2025
Commit 2 on Sat Sep 13 08:23:08 UTC 2025
Commit 3 on Sat Sep 13 08:23:08 UTC 2025
Commit 4 on Sat Sep 13 08:23:08 UTC 2025
Commit 5 on Sat Sep 13 08:23:08 UTC 2025
Commit 6 on Sat Sep 13 08:23:08 UTC 2025
Commit 7 on Sat Sep 13 08:23:08 UTC 2025
Commit 8 on Sat Sep 13 08:23:08 UTC 2025
Commit 9 on Sat Sep 13 08:23:08 UTC 2025
Commit 10 on Sat Sep 13 08:23:08 UTC 2025
Commit 11 on Sat Sep 13 08:23:08 UTC 2025
Commit 12 on Sat Sep 13 08:23:09 UTC 2025
Commit 13 on Sat Sep 13 08:23:09 UTC 2025
Commit 14 on Sat Sep 13 08:23:09 UTC 2025
Commit 15 on Sat Sep 13 08:23:09 UTC 2025
Commit 16 on Sat Sep 13 08:23:09 UTC 2025
Commit 17 on Sat Sep 13 08:23:09 UTC 2025
Commit 18 on Sat Sep 13 08:23:09 UTC 2025
Commit 19 on Sat Sep 13 08:23:09 UTC 2025
Commit 20 on Sat Sep 13 08:23:09 UTC 2025
Commit 1 on Sun Sep 14 08:23:08 UTC 2025
Commit 2 on Sun Sep 14 08:23:08 UTC 2025
Commit 3 on Sun Sep 14 08:23:08 UTC 2025
Commit 4 on Sun Sep 14 08:23:08 UTC 2025
Commit 5 on Sun Sep 14 08:23:08 UTC 2025
Commit 6 on Sun Sep 14 08:23:08 UTC 2025
Commit 7 on Sun Sep 14 08:23:08 UTC 2025
Commit 8 on Sun Sep 14 08:23:08 UTC 2025
Commit 9 on Sun Sep 14 08:23:08 UTC 2025
Commit 10 on Sun Sep 14 08:23:08 UTC 2025
Commit 11 on Sun Sep 14 08:23:08 UTC 2025
Commit 12 on Sun Sep 14 08:23:08 UTC 2025
Commit 13 on Sun Sep 14 08:23:08 UTC 2025
Commit 14 on Sun Sep 14 08:23:08 UTC 2025
Commit 15 on Sun Sep 14 08:23:08 UTC 2025
Commit 1 on Mon Sep 15 08:28:00 UTC 2025
Commit 2 on Mon Sep 15 08:28:00 UTC 2025
Commit 3 on Mon Sep 15 08:28:00 UTC 2025
Commit 4 on Mon Sep 15 08:28:01 UTC 2025
Commit 5 on Mon Sep 15 08:28:01 UTC 2025
Commit 6 on Mon Sep 15 08:28:01 UTC 2025
Commit 7 on Mon Sep 15 08:28:01 UTC 2025
Commit 8 on Mon Sep 15 08:28:01 UTC 2025
Commit 9 on Mon Sep 15 08:28:01 UTC 2025
Commit 10 on Mon Sep 15 08:28:01 UTC 2025
Commit 11 on Mon Sep 15 08:28:01 UTC 2025
Commit 12 on Mon Sep 15 08:28:01 UTC 2025
Commit 13 on Mon Sep 15 08:28:01 UTC 2025
Commit 1 on Tue Sep 16 08:28:11 UTC 2025
Commit 2 on Tue Sep 16 08:28:11 UTC 2025
Commit 3 on Tue Sep 16 08:28:12 UTC 2025
Commit 4 on Tue Sep 16 08:28:12 UTC 2025
Commit 5 on Tue Sep 16 08:28:12 UTC 2025
Commit 6 on Tue Sep 16 08:28:12 UTC 2025
Commit 7 on Tue Sep 16 08:28:12 UTC 2025
Commit 8 on Tue Sep 16 08:28:12 UTC 2025
Commit 9 on Tue Sep 16 08:28:12 UTC 2025
Commit 10 on Tue Sep 16 08:28:12 UTC 2025
Commit 11 on Tue Sep 16 08:28:12 UTC 2025
Commit 12 on Tue Sep 16 08:28:12 UTC 2025
Commit 13 on Tue Sep 16 08:28:12 UTC 2025
Commit 14 on Tue Sep 16 08:28:12 UTC 2025
Commit 15 on Tue Sep 16 08:28:12 UTC 2025
Commit 16 on Tue Sep 16 08:28:12 UTC 2025
Commit 17 on Tue Sep 16 08:28:12 UTC 2025
Commit 1 on Wed Sep 17 08:27:25 UTC 2025
Commit 2 on Wed Sep 17 08:27:25 UTC 2025
Commit 3 on Wed Sep 17 08:27:25 UTC 2025
Commit 4 on Wed Sep 17 08:27:26 UTC 2025
Commit 5 on Wed Sep 17 08:27:26 UTC 2025
Commit 6 on Wed Sep 17 08:27:26 UTC 2025
Commit 7 on Wed Sep 17 08:27:26 UTC 2025
Commit 8 on Wed Sep 17 08:27:26 UTC 2025
Commit 9 on Wed Sep 17 08:27:26 UTC 2025
Commit 10 on Wed Sep 17 08:27:26 UTC 2025
Commit 11 on Wed Sep 17 08:27:26 UTC 2025
Commit 12 on Wed Sep 17 08:27:26 UTC 2025
Commit 13 on Wed Sep 17 08:27:26 UTC 2025
Commit 1 on Thu Sep 18 08:27:01 UTC 2025
Commit 2 on Thu Sep 18 08:27:01 UTC 2025
Commit 3 on Thu Sep 18 08:27:01 UTC 2025
Commit 4 on Thu Sep 18 08:27:01 UTC 2025
Commit 5 on Thu Sep 18 08:27:01 UTC 2025
Commit 6 on Thu Sep 18 08:27:01 UTC 2025
Commit 7 on Thu Sep 18 08:27:01 UTC 2025
Commit 8 on Thu Sep 18 08:27:01 UTC 2025
Commit 9 on Thu Sep 18 08:27:01 UTC 2025
Commit 10 on Thu Sep 18 08:27:01 UTC 2025
Commit 11 on Thu Sep 18 08:27:01 UTC 2025
Commit 12 on Thu Sep 18 08:27:01 UTC 2025
Commit 13 on Thu Sep 18 08:27:01 UTC 2025
Commit 14 on Thu Sep 18 08:27:01 UTC 2025
Commit 15 on Thu Sep 18 08:27:01 UTC 2025
Commit 16 on Thu Sep 18 08:27:01 UTC 2025
Commit 1 on Fri Sep 19 08:27:09 UTC 2025
Commit 2 on Fri Sep 19 08:27:09 UTC 2025
Commit 3 on Fri Sep 19 08:27:09 UTC 2025
Commit 4 on Fri Sep 19 08:27:09 UTC 2025
Commit 5 on Fri Sep 19 08:27:09 UTC 2025
Commit 6 on Fri Sep 19 08:27:09 UTC 2025
Commit 7 on Fri Sep 19 08:27:10 UTC 2025
Commit 8 on Fri Sep 19 08:27:10 UTC 2025
Commit 9 on Fri Sep 19 08:27:10 UTC 2025
Commit 10 on Fri Sep 19 08:27:10 UTC 2025
Commit 11 on Fri Sep 19 08:27:10 UTC 2025
Commit 12 on Fri Sep 19 08:27:10 UTC 2025
Commit 13 on Fri Sep 19 08:27:10 UTC 2025
Commit 14 on Fri Sep 19 08:27:10 UTC 2025
Commit 15 on Fri Sep 19 08:27:10 UTC 2025
Commit 16 on Fri Sep 19 08:27:10 UTC 2025
Commit 17 on Fri Sep 19 08:27:10 UTC 2025
Commit 18 on Fri Sep 19 08:27:10 UTC 2025
Commit 1 on Sat Sep 20 08:24:11 UTC 2025
Commit 2 on Sat Sep 20 08:24:11 UTC 2025
Commit 3 on Sat Sep 20 08:24:11 UTC 2025
Commit 4 on Sat Sep 20 08:24:11 UTC 2025
Commit 5 on Sat Sep 20 08:24:12 UTC 2025
Commit 6 on Sat Sep 20 08:24:12 UTC 2025
Commit 7 on Sat Sep 20 08:24:12 UTC 2025
Commit 8 on Sat Sep 20 08:24:12 UTC 2025
Commit 9 on Sat Sep 20 08:24:12 UTC 2025
Commit 10 on Sat Sep 20 08:24:12 UTC 2025
Commit 11 on Sat Sep 20 08:24:12 UTC 2025
Commit 12 on Sat Sep 20 08:24:12 UTC 2025
Commit 13 on Sat Sep 20 08:24:12 UTC 2025
Commit 14 on Sat Sep 20 08:24:12 UTC 2025
Commit 15 on Sat Sep 20 08:24:12 UTC 2025
Commit 16 on Sat Sep 20 08:24:12 UTC 2025
Commit 1 on Sun Sep 21 08:22:34 UTC 2025
Commit 2 on Sun Sep 21 08:22:34 UTC 2025
Commit 3 on Sun Sep 21 08:22:35 UTC 2025
Commit 4 on Sun Sep 21 08:22:35 UTC 2025
Commit 5 on Sun Sep 21 08:22:35 UTC 2025
Commit 6 on Sun Sep 21 08:22:35 UTC 2025
Commit 7 on Sun Sep 21 08:22:35 UTC 2025
Commit 8 on Sun Sep 21 08:22:35 UTC 2025
Commit 9 on Sun Sep 21 08:22:35 UTC 2025
Commit 10 on Sun Sep 21 08:22:35 UTC 2025
Commit 11 on Sun Sep 21 08:22:35 UTC 2025
Commit 12 on Sun Sep 21 08:22:35 UTC 2025
Commit 1 on Mon Sep 22 08:29:00 UTC 2025
Commit 2 on Mon Sep 22 08:29:00 UTC 2025
Commit 3 on Mon Sep 22 08:29:00 UTC 2025
Commit 4 on Mon Sep 22 08:29:00 UTC 2025
Commit 5 on Mon Sep 22 08:29:00 UTC 2025
Commit 6 on Mon Sep 22 08:29:00 UTC 2025
Commit 7 on Mon Sep 22 08:29:00 UTC 2025
Commit 8 on Mon Sep 22 08:29:00 UTC 2025
Commit 9 on Mon Sep 22 08:29:01 UTC 2025
Commit 10 on Mon Sep 22 08:29:01 UTC 2025
Commit 11 on Mon Sep 22 08:29:01 UTC 2025
Commit 12 on Mon Sep 22 08:29:01 UTC 2025
Commit 13 on Mon Sep 22 08:29:01 UTC 2025
Commit 14 on Mon Sep 22 08:29:01 UTC 2025
Commit 15 on Mon Sep 22 08:29:01 UTC 2025
Commit 16 on Mon Sep 22 08:29:01 UTC 2025
Commit 17 on Mon Sep 22 08:29:01 UTC 2025
Commit 18 on Mon Sep 22 08:29:01 UTC 2025
Commit 19 on Mon Sep 22 08:29:01 UTC 2025
Commit 20 on Mon Sep 22 08:29:01 UTC 2025
Commit 1 on Tue Sep 23 08:27:06 UTC 2025
Commit 2 on Tue Sep 23 08:27:07 UTC 2025
Commit 3 on Tue Sep 23 08:27:07 UTC 2025
Commit 4 on Tue Sep 23 08:27:07 UTC 2025
Commit 5 on Tue Sep 23 08:27:07 UTC 2025
Commit 6 on Tue Sep 23 08:27:07 UTC 2025
Commit 7 on Tue Sep 23 08:27:07 UTC 2025
Commit 8 on Tue Sep 23 08:27:07 UTC 2025
Commit 9 on Tue Sep 23 08:27:07 UTC 2025
Commit 10 on Tue Sep 23 08:27:07 UTC 2025
Commit 11 on Tue Sep 23 08:27:07 UTC 2025
Commit 12 on Tue Sep 23 08:27:07 UTC 2025
Commit 13 on Tue Sep 23 08:27:07 UTC 2025
Commit 14 on Tue Sep 23 08:27:07 UTC 2025
Commit 15 on Tue Sep 23 08:27:07 UTC 2025
Commit 16 on Tue Sep 23 08:27:07 UTC 2025
Commit 1 on Wed Sep 24 08:28:11 UTC 2025
Commit 2 on Wed Sep 24 08:28:12 UTC 2025
Commit 3 on Wed Sep 24 08:28:12 UTC 2025
Commit 4 on Wed Sep 24 08:28:12 UTC 2025
Commit 5 on Wed Sep 24 08:28:12 UTC 2025
Commit 6 on Wed Sep 24 08:28:12 UTC 2025
Commit 7 on Wed Sep 24 08:28:12 UTC 2025
Commit 8 on Wed Sep 24 08:28:12 UTC 2025
Commit 9 on Wed Sep 24 08:28:12 UTC 2025
Commit 10 on Wed Sep 24 08:28:12 UTC 2025
Commit 11 on Wed Sep 24 08:28:12 UTC 2025
Commit 12 on Wed Sep 24 08:28:12 UTC 2025
Commit 13 on Wed Sep 24 08:28:12 UTC 2025
Commit 14 on Wed Sep 24 08:28:12 UTC 2025
Commit 15 on Wed Sep 24 08:28:12 UTC 2025
Commit 16 on Wed Sep 24 08:28:12 UTC 2025
Commit 1 on Thu Sep 25 08:27:44 UTC 2025
Commit 2 on Thu Sep 25 08:27:44 UTC 2025
Commit 3 on Thu Sep 25 08:27:44 UTC 2025
Commit 4 on Thu Sep 25 08:27:44 UTC 2025
Commit 5 on Thu Sep 25 08:27:44 UTC 2025
Commit 6 on Thu Sep 25 08:27:44 UTC 2025
Commit 7 on Thu Sep 25 08:27:44 UTC 2025
Commit 8 on Thu Sep 25 08:27:45 UTC 2025
Commit 9 on Thu Sep 25 08:27:45 UTC 2025
Commit 10 on Thu Sep 25 08:27:45 UTC 2025
Commit 11 on Thu Sep 25 08:27:45 UTC 2025
Commit 12 on Thu Sep 25 08:27:45 UTC 2025
Commit 13 on Thu Sep 25 08:27:45 UTC 2025
Commit 14 on Thu Sep 25 08:27:45 UTC 2025
Commit 15 on Thu Sep 25 08:27:45 UTC 2025
Commit 16 on Thu Sep 25 08:27:45 UTC 2025
Commit 17 on Thu Sep 25 08:27:45 UTC 2025
Commit 1 on Fri Sep 26 08:28:09 UTC 2025
Commit 2 on Fri Sep 26 08:28:10 UTC 2025
Commit 3 on Fri Sep 26 08:28:10 UTC 2025
Commit 4 on Fri Sep 26 08:28:10 UTC 2025
Commit 5 on Fri Sep 26 08:28:10 UTC 2025
Commit 6 on Fri Sep 26 08:28:10 UTC 2025
Commit 7 on Fri Sep 26 08:28:10 UTC 2025
Commit 8 on Fri Sep 26 08:28:10 UTC 2025
Commit 9 on Fri Sep 26 08:28:10 UTC 2025
